0 info it worked if it ends with ok
1 verbose cli [ 'node', '/usr/local/bin/npm', 'install' ]
2 info using npm@1.4.28
3 info using node@v0.10.35
4 warn package.json socketio@1.0.0 No repository field.
5 warn package.json socketio@1.0.0 No README data
6 verbose readDependencies using package.json deps
7 verbose install where, deps [ '/Users/madcloud/Documents/git/node_useful/socketio',
7 verbose install   [ 'body-parser',
7 verbose install     'cookie-parser',
7 verbose install     'debug',
7 verbose install     'ejs',
7 verbose install     'express',
7 verbose install     'morgan',
7 verbose install     'serve-favicon',
7 verbose install     'express-session',
7 verbose install     'multer',
7 verbose install     'socket.io' ] ]
8 info preinstall socketio@1.0.0
9 warn package.json crypto@0.0.3 crypto is also the name of a node core module.
10 verbose readDependencies using package.json deps
11 verbose already installed skipping morgan@~1.5.1 /Users/madcloud/Documents/git/node_useful/socketio
12 verbose already installed skipping serve-favicon@~2.2.0 /Users/madcloud/Documents/git/node_useful/socketio
13 verbose cache add [ 'express-session@latest', null ]
14 verbose cache add name=undefined spec="express-session@latest" args=["express-session@latest",null]
15 verbose parsed url { protocol: null,
15 verbose parsed url   slashes: null,
15 verbose parsed url   auth: null,
15 verbose parsed url   host: null,
15 verbose parsed url   port: null,
15 verbose parsed url   hostname: null,
15 verbose parsed url   hash: null,
15 verbose parsed url   search: null,
15 verbose parsed url   query: null,
15 verbose parsed url   pathname: 'express-session@latest',
15 verbose parsed url   path: 'express-session@latest',
15 verbose parsed url   href: 'express-session@latest' }
16 verbose cache add [ 'multer@latest', null ]
17 verbose cache add name=undefined spec="multer@latest" args=["multer@latest",null]
18 verbose parsed url { protocol: null,
18 verbose parsed url   slashes: null,
18 verbose parsed url   auth: null,
18 verbose parsed url   host: null,
18 verbose parsed url   port: null,
18 verbose parsed url   hostname: null,
18 verbose parsed url   hash: null,
18 verbose parsed url   search: null,
18 verbose parsed url   query: null,
18 verbose parsed url   pathname: 'multer@latest',
18 verbose parsed url   path: 'multer@latest',
18 verbose parsed url   href: 'multer@latest' }
19 verbose cache add [ 'socket.io@latest', null ]
20 verbose cache add name=undefined spec="socket.io@latest" args=["socket.io@latest",null]
21 verbose parsed url { protocol: null,
21 verbose parsed url   slashes: null,
21 verbose parsed url   auth: null,
21 verbose parsed url   host: null,
21 verbose parsed url   port: null,
21 verbose parsed url   hostname: null,
21 verbose parsed url   hash: null,
21 verbose parsed url   search: null,
21 verbose parsed url   query: null,
21 verbose parsed url   pathname: 'socket.io@latest',
21 verbose parsed url   path: 'socket.io@latest',
21 verbose parsed url   href: 'socket.io@latest' }
22 verbose already installed skipping body-parser@~1.12.0 /Users/madcloud/Documents/git/node_useful/socketio
23 verbose cache add name="express-session" spec="latest" args=["express-session","latest"]
24 verbose parsed url { protocol: null,
24 verbose parsed url   slashes: null,
24 verbose parsed url   auth: null,
24 verbose parsed url   host: null,
24 verbose parsed url   port: null,
24 verbose parsed url   hostname: null,
24 verbose parsed url   hash: null,
24 verbose parsed url   search: null,
24 verbose parsed url   query: null,
24 verbose parsed url   pathname: 'latest',
24 verbose parsed url   path: 'latest',
24 verbose parsed url   href: 'latest' }
25 verbose addNamed [ 'express-session', 'latest' ]
26 verbose addNamed [ null, null ]
27 verbose cache add name="multer" spec="latest" args=["multer","latest"]
28 verbose parsed url { protocol: null,
28 verbose parsed url   slashes: null,
28 verbose parsed url   auth: null,
28 verbose parsed url   host: null,
28 verbose parsed url   port: null,
28 verbose parsed url   hostname: null,
28 verbose parsed url   hash: null,
28 verbose parsed url   search: null,
28 verbose parsed url   query: null,
28 verbose parsed url   pathname: 'latest',
28 verbose parsed url   path: 'latest',
28 verbose parsed url   href: 'latest' }
29 verbose addNamed [ 'multer', 'latest' ]
30 verbose addNamed [ null, null ]
31 verbose cache add name="socket.io" spec="latest" args=["socket.io","latest"]
32 verbose parsed url { protocol: null,
32 verbose parsed url   slashes: null,
32 verbose parsed url   auth: null,
32 verbose parsed url   host: null,
32 verbose parsed url   port: null,
32 verbose parsed url   hostname: null,
32 verbose parsed url   hash: null,
32 verbose parsed url   search: null,
32 verbose parsed url   query: null,
32 verbose parsed url   pathname: 'latest',
32 verbose parsed url   path: 'latest',
32 verbose parsed url   href: 'latest' }
33 verbose addNamed [ 'socket.io', 'latest' ]
34 verbose addNamed [ null, null ]
35 silly lockFile fa47ee87-express-session-latest express-session@latest
36 verbose lock express-session@latest /Users/madcloud/.npm/fa47ee87-express-session-latest.lock
37 silly lockFile ac32abbe-multer-latest multer@latest
38 verbose lock multer@latest /Users/madcloud/.npm/ac32abbe-multer-latest.lock
39 silly lockFile d01f6c55-socket-io-latest socket.io@latest
40 verbose lock socket.io@latest /Users/madcloud/.npm/d01f6c55-socket-io-latest.lock
41 verbose already installed skipping cookie-parser@~1.3.4 /Users/madcloud/Documents/git/node_useful/socketio
42 verbose already installed skipping debug@~2.1.1 /Users/madcloud/Documents/git/node_useful/socketio
43 verbose already installed skipping ejs@~2.3.1 /Users/madcloud/Documents/git/node_useful/socketio
44 info addNameTag [ 'multer', 'latest' ]
45 verbose already installed skipping express@~4.12.2 /Users/madcloud/Documents/git/node_useful/socketio
46 info addNameTag [ 'express-session', 'latest' ]
47 info addNameTag [ 'socket.io', 'latest' ]
48 verbose request where is /multer
49 verbose request registry https://registry.npmjs.org/
50 verbose request id c9b3a1808ad6bda3
51 verbose url raw /multer
52 verbose url resolving [ 'https://registry.npmjs.org/', './multer' ]
53 verbose url resolved https://registry.npmjs.org/multer
54 verbose request where is https://registry.npmjs.org/multer
55 info trying registry request attempt 1 at 10:19:58
56 verbose etag "BV6VC1RBABSD9NJ8M0UYXRDNX"
57 http GET https://registry.npmjs.org/multer
58 verbose request where is /express-session
59 verbose request registry https://registry.npmjs.org/
60 verbose url raw /express-session
61 verbose url resolving [ 'https://registry.npmjs.org/', './express-session' ]
62 verbose url resolved https://registry.npmjs.org/express-session
63 verbose request where is https://registry.npmjs.org/express-session
64 info trying registry request attempt 1 at 10:19:58
65 verbose etag "B02YWZD382WL0B7VZCFAT85EQ"
66 http GET https://registry.npmjs.org/express-session
67 verbose request where is /socket.io
68 verbose request registry https://registry.npmjs.org/
69 verbose url raw /socket.io
70 verbose url resolving [ 'https://registry.npmjs.org/', './socket.io' ]
71 verbose url resolved https://registry.npmjs.org/socket.io
72 verbose request where is https://registry.npmjs.org/socket.io
73 info trying registry request attempt 1 at 10:19:58
74 verbose etag "2V7FQQPBWEYB16EA95MPILF10"
75 http GET https://registry.npmjs.org/socket.io
76 http 304 https://registry.npmjs.org/express-session
77 silly registry.get cb [ 304,
77 silly registry.get   { date: 'Tue, 04 Aug 2015 02:20:01 GMT',
77 silly registry.get     via: '1.1 varnish',
77 silly registry.get     'cache-control': 'max-age=60',
77 silly registry.get     etag: '"B02YWZD382WL0B7VZCFAT85EQ"',
77 silly registry.get     age: '29',
77 silly registry.get     connection: 'keep-alive',
77 silly registry.get     'x-served-by': 'cache-hkg6825-HKG',
77 silly registry.get     'x-cache': 'HIT',
77 silly registry.get     'x-cache-hits': '1',
77 silly registry.get     'x-timer': 'S1438654801.010083,VS0,VE0',
77 silly registry.get     vary: 'Accept' } ]
78 verbose etag https://registry.npmjs.org/express-session from cache
79 verbose addNamed [ 'express-session', '1.11.3' ]
80 verbose addNamed [ '1.11.3', '1.11.3' ]
81 silly lockFile f67288dc-express-session-1-11-3 express-session@1.11.3
82 verbose lock express-session@1.11.3 /Users/madcloud/.npm/f67288dc-express-session-1-11-3.lock
83 silly lockFile c09bdc8b-ssion-express-session-1-11-3-tgz https://registry.npmjs.org/express-session/-/express-session-1.11.3.tgz
84 verbose lock https://registry.npmjs.org/express-session/-/express-session-1.11.3.tgz /Users/madcloud/.npm/c09bdc8b-ssion-express-session-1-11-3-tgz.lock
85 verbose addRemoteTarball [ 'https://registry.npmjs.org/express-session/-/express-session-1.11.3.tgz',
85 verbose addRemoteTarball   '5cc98f3f5ff84ed835f91cbf0aabd0c7107400af' ]
86 info retry fetch attempt 1 at 10:20:00
87 verbose fetch to= /var/folders/m1/66vxn8y960xcymf5jp5kr2280000gn/T/npm-95807-vsGdeAkN/registry.npmjs.org/express-session/-/express-session-1.11.3.tgz
88 http GET https://registry.npmjs.org/express-session/-/express-session-1.11.3.tgz
89 http 200 https://registry.npmjs.org/socket.io
90 silly registry.get cb [ 200,
90 silly registry.get   { server: 'CouchDB/1.5.0 (Erlang OTP/R16B03)',
90 silly registry.get     etag: '"5RVXCWYCYHE5YL607Y5BMW1SF"',
90 silly registry.get     'content-type': 'application/json',
90 silly registry.get     'cache-control': 'max-age=60',
90 silly registry.get     'content-length': '113404',
90 silly registry.get     'accept-ranges': 'bytes',
90 silly registry.get     date: 'Tue, 04 Aug 2015 02:20:01 GMT',
90 silly registry.get     via: '1.1 varnish',
90 silly registry.get     age: '23',
90 silly registry.get     connection: 'keep-alive',
90 silly registry.get     'x-served-by': 'cache-hkg6826-HKG',
90 silly registry.get     'x-cache': 'HIT',
90 silly registry.get     'x-cache-hits': '2',
90 silly registry.get     'x-timer': 'S1438654801.026286,VS0,VE0',
90 silly registry.get     vary: 'Accept' } ]
91 http 200 https://registry.npmjs.org/express-session/-/express-session-1.11.3.tgz
92 verbose addNamed [ 'socket.io', '1.3.6' ]
93 verbose addNamed [ '1.3.6', '1.3.6' ]
94 silly lockFile 79923448-socket-io-1-3-6 socket.io@1.3.6
95 verbose lock socket.io@1.3.6 /Users/madcloud/.npm/79923448-socket-io-1-3-6.lock
96 silly lockFile c09bdc8b-ssion-express-session-1-11-3-tgz https://registry.npmjs.org/express-session/-/express-session-1.11.3.tgz
97 silly lockFile c09bdc8b-ssion-express-session-1-11-3-tgz https://registry.npmjs.org/express-session/-/express-session-1.11.3.tgz
98 silly lockFile f67288dc-express-session-1-11-3 express-session@1.11.3
99 silly lockFile f67288dc-express-session-1-11-3 express-session@1.11.3
100 silly lockFile 5535f38b-rg-socket-io-socket-io-1-3-6-tgz https://registry.npmjs.org/socket.io/-/socket.io-1.3.6.tgz
101 verbose lock https://registry.npmjs.org/socket.io/-/socket.io-1.3.6.tgz /Users/madcloud/.npm/5535f38b-rg-socket-io-socket-io-1-3-6-tgz.lock
102 silly lockFile fa47ee87-express-session-latest express-session@latest
103 silly lockFile fa47ee87-express-session-latest express-session@latest
104 verbose addRemoteTarball [ 'https://registry.npmjs.org/socket.io/-/socket.io-1.3.6.tgz',
104 verbose addRemoteTarball   '1ef8ec4d8edea6499c8febd2a16b6d15b4dc15bd' ]
105 info retry fetch attempt 1 at 10:20:01
106 verbose fetch to= /var/folders/m1/66vxn8y960xcymf5jp5kr2280000gn/T/npm-95807-vsGdeAkN/registry.npmjs.org/socket.io/-/socket.io-1.3.6.tgz
107 http GET https://registry.npmjs.org/socket.io/-/socket.io-1.3.6.tgz
108 http 200 https://registry.npmjs.org/socket.io/-/socket.io-1.3.6.tgz
109 silly lockFile 5535f38b-rg-socket-io-socket-io-1-3-6-tgz https://registry.npmjs.org/socket.io/-/socket.io-1.3.6.tgz
110 silly lockFile 5535f38b-rg-socket-io-socket-io-1-3-6-tgz https://registry.npmjs.org/socket.io/-/socket.io-1.3.6.tgz
111 silly lockFile 79923448-socket-io-1-3-6 socket.io@1.3.6
112 silly lockFile 79923448-socket-io-1-3-6 socket.io@1.3.6
113 silly lockFile d01f6c55-socket-io-latest socket.io@latest
114 silly lockFile d01f6c55-socket-io-latest socket.io@latest
115 http 304 https://registry.npmjs.org/multer
116 silly registry.get cb [ 304,
116 silly registry.get   { date: 'Tue, 04 Aug 2015 02:20:01 GMT',
116 silly registry.get     via: '1.1 varnish',
116 silly registry.get     'cache-control': 'max-age=60',
116 silly registry.get     etag: '"BV6VC1RBABSD9NJ8M0UYXRDNX"',
116 silly registry.get     age: '0',
116 silly registry.get     connection: 'keep-alive',
116 silly registry.get     'x-served-by': 'cache-hkg6820-HKG',
116 silly registry.get     'x-cache': 'MISS',
116 silly registry.get     'x-cache-hits': '0',
116 silly registry.get     'x-timer': 'S1438654801.030582,VS0,VE854',
116 silly registry.get     vary: 'Accept' } ]
117 verbose etag https://registry.npmjs.org/multer from cache
118 verbose addNamed [ 'multer', '1.0.1' ]
119 verbose addNamed [ '1.0.1', '1.0.1' ]
120 silly lockFile f5def6ef-multer-1-0-1 multer@1.0.1
121 verbose lock multer@1.0.1 /Users/madcloud/.npm/f5def6ef-multer-1-0-1.lock
122 silly lockFile 7a23a9fc-pmjs-org-multer-multer-1-0-1-tgz https://registry.npmjs.org/multer/-/multer-1.0.1.tgz
123 verbose lock https://registry.npmjs.org/multer/-/multer-1.0.1.tgz /Users/madcloud/.npm/7a23a9fc-pmjs-org-multer-multer-1-0-1-tgz.lock
124 verbose addRemoteTarball [ 'https://registry.npmjs.org/multer/-/multer-1.0.1.tgz',
124 verbose addRemoteTarball   'f0172390b7ed27923ec6a3897fb074a4a894eb94' ]
125 info retry fetch attempt 1 at 10:20:01
126 verbose fetch to= /var/folders/m1/66vxn8y960xcymf5jp5kr2280000gn/T/npm-95807-vsGdeAkN/registry.npmjs.org/multer/-/multer-1.0.1.tgz
127 http GET https://registry.npmjs.org/multer/-/multer-1.0.1.tgz
128 http 200 https://registry.npmjs.org/multer/-/multer-1.0.1.tgz
129 silly lockFile 7a23a9fc-pmjs-org-multer-multer-1-0-1-tgz https://registry.npmjs.org/multer/-/multer-1.0.1.tgz
130 silly lockFile 7a23a9fc-pmjs-org-multer-multer-1-0-1-tgz https://registry.npmjs.org/multer/-/multer-1.0.1.tgz
131 silly lockFile f5def6ef-multer-1-0-1 multer@1.0.1
132 silly lockFile f5def6ef-multer-1-0-1 multer@1.0.1
133 silly lockFile ac32abbe-multer-latest multer@latest
134 silly lockFile ac32abbe-multer-latest multer@latest
135 error Error: EACCES, mkdir '/Users/madcloud/.npm/express-session/1.11.3'
135 error  { [Error: EACCES, mkdir '/Users/madcloud/.npm/express-session/1.11.3']
135 error   errno: 3,
135 error   code: 'EACCES',
135 error   path: '/Users/madcloud/.npm/express-session/1.11.3',
135 error   parent: 'socketio' }
136 error Please try running this command again as root/Administrator.
137 error System Darwin 14.1.0
138 error command "node" "/usr/local/bin/npm" "install"
139 error cwd /Users/madcloud/Documents/git/node_useful/socketio
140 error node -v v0.10.35
141 error npm -v 1.4.28
142 error path /Users/madcloud/.npm/express-session/1.11.3
143 error code EACCES
144 error errno 3
145 error stack Error: EACCES, mkdir '/Users/madcloud/.npm/express-session/1.11.3'
146 verbose exit [ 3, true ]
